<?xml version="1.0" encoding="UTF-8"?>
<testsuite name="Scenario: Verify I can&apos;t create an account if password is less than 6 characters" time="1.654" tests="43" errors="0" skipped="0" failures="0">
  <properties>
    <property name="java.runtime.name" value="Java(TM) SE Runtime Environment"/>
    <property name="sun.boot.library.path" value="/Library/Java/JavaVirtualMachines/jdk1.8.0_191.jdk/Contents/Home/jre/lib"/>
    <property name="java.vm.version" value="25.191-b12"/>
    <property name="gopherProxySet" value="false"/>
    <property name="java.vm.vendor" value="Oracle Corporation"/>
    <property name="maven.multiModuleProjectDirectory" value="/Users/technosoft/Downloads/cucumber_demo_framework"/>
    <property name="java.vendor.url" value="http://java.oracle.com/"/>
    <property name="path.separator" value=":"/>
    <property name="guice.disable.misplaced.annotation.check" value="true"/>
    <property name="java.vm.name" value="Java HotSpot(TM) 64-Bit Server VM"/>
    <property name="file.encoding.pkg" value="sun.io"/>
    <property name="user.country" value="US"/>
    <property name="sun.java.launcher" value="SUN_STANDARD"/>
    <property name="sun.os.patch.level" value="unknown"/>
    <property name="java.vm.specification.name" value="Java Virtual Machine Specification"/>
    <property name="user.dir" value="/Users/technosoft/Downloads/cucumber_demo_framework"/>
    <property name="java.runtime.version" value="1.8.0_191-b12"/>
    <property name="java.awt.graphicsenv" value="sun.awt.CGraphicsEnvironment"/>
    <property name="java.endorsed.dirs" value="/Library/Java/JavaVirtualMachines/jdk1.8.0_191.jdk/Contents/Home/jre/lib/endorsed"/>
    <property name="os.arch" value="x86_64"/>
    <property name="java.io.tmpdir" value="/var/folders/vx/3mm1ym3j0mbcrfnz0y8c3y640000gn/T/"/>
    <property name="line.separator" value="&#10;"/>
    <property name="java.vm.specification.vendor" value="Oracle Corporation"/>
    <property name="os.name" value="Mac OS X"/>
    <property name="classworlds.conf" value="/usr/local/Cellar/maven/3.6.0/libexec/bin/m2.conf"/>
    <property name="sun.jnu.encoding" value="UTF-8"/>
    <property name="java.library.path" value="/Users/technosoft/Library/Java/Extensions:/Library/Java/Extensions:/Network/Library/Java/Extensions:/System/Library/Java/Extensions:/usr/lib/java:."/>
    <property name="maven.conf" value="/usr/local/Cellar/maven/3.6.0/libexec/conf"/>
    <property name="java.specification.name" value="Java Platform API Specification"/>
    <property name="java.class.version" value="52.0"/>
    <property name="sun.management.compiler" value="HotSpot 64-Bit Tiered Compilers"/>
    <property name="os.version" value="10.13.6"/>
    <property name="library.jansi.path" value="/usr/local/Cellar/maven/3.6.0/libexec/lib/jansi-native"/>
    <property name="http.nonProxyHosts" value="local|*.local|169.254/16|*.169.254/16"/>
    <property name="user.home" value="/Users/technosoft"/>
    <property name="user.timezone" value="America/New_York"/>
    <property name="java.awt.printerjob" value="sun.lwawt.macosx.CPrinterJob"/>
    <property name="java.specification.version" value="1.8"/>
    <property name="file.encoding" value="UTF-8"/>
    <property name="user.name" value="technosoft"/>
    <property name="java.class.path" value="/usr/local/Cellar/maven/3.6.0/libexec/boot/plexus-classworlds-2.5.2.jar"/>
    <property name="java.vm.specification.version" value="1.8"/>
    <property name="sun.arch.data.model" value="64"/>
    <property name="java.home" value="/Library/Java/JavaVirtualMachines/jdk1.8.0_191.jdk/Contents/Home/jre"/>
    <property name="sun.java.command" value="org.codehaus.plexus.classworlds.launcher.Launcher clean test"/>
    <property name="java.specification.vendor" value="Oracle Corporation"/>
    <property name="user.language" value="en"/>
    <property name="awt.toolkit" value="sun.lwawt.macosx.LWCToolkit"/>
    <property name="java.vm.info" value="mixed mode"/>
    <property name="java.version" value="1.8.0_191"/>
    <property name="java.ext.dirs" value="/Users/technosoft/Library/Java/Extensions:/Library/Java/JavaVirtualMachines/jdk1.8.0_191.jdk/Contents/Home/jre/lib/ext:/Library/Java/Extensions:/Network/Library/Java/Extensions:/System/Library/Java/Extensions:/usr/lib/java"/>
    <property name="sun.boot.class.path" value="/Library/Java/JavaVirtualMachines/jdk1.8.0_191.jdk/Contents/Home/jre/lib/resources.jar:/Library/Java/JavaVirtualMachines/jdk1.8.0_191.jdk/Contents/Home/jre/lib/rt.jar:/Library/Java/JavaVirtualMachines/jdk1.8.0_191.jdk/Contents/Home/jre/lib/sunrsasign.jar:/Library/Java/JavaVirtualMachines/jdk1.8.0_191.jdk/Contents/Home/jre/lib/jsse.jar:/Library/Java/JavaVirtualMachines/jdk1.8.0_191.jdk/Contents/Home/jre/lib/jce.jar:/Library/Java/JavaVirtualMachines/jdk1.8.0_191.jdk/Contents/Home/jre/lib/charsets.jar:/Library/Java/JavaVirtualMachines/jdk1.8.0_191.jdk/Contents/Home/jre/lib/jfr.jar:/Library/Java/JavaVirtualMachines/jdk1.8.0_191.jdk/Contents/Home/jre/classes"/>
    <property name="java.vendor" value="Oracle Corporation"/>
    <property name="maven.home" value="/usr/local/Cellar/maven/3.6.0/libexec"/>
    <property name="file.separator" value="/"/>
    <property name="java.vendor.url.bug" value="http://bugreport.sun.com/bugreport/"/>
    <property name="sun.cpu.endian" value="little"/>
    <property name="sun.io.unicode.encoding" value="UnicodeBig"/>
    <property name="socksNonProxyHosts" value="local|*.local|169.254/16|*.169.254/16"/>
    <property name="ftp.nonProxyHosts" value="local|*.local|169.254/16|*.169.254/16"/>
    <property name="sun.cpu.isalist" value=""/>
  </properties>
  <testcase name="Given I am on Amazon home page" classname="Scenario: Verify I can&apos;t create an account if name is not entered" time="0.379"/>
  <testcase name="Given I am on Create Account page" classname="Scenario: Verify I can&apos;t create an account if name is not entered" time="0.001"/>
  <testcase name="When I enter  mohammad@technosoft.io into email field on amazon register page" classname="Scenario: Verify I can&apos;t create an account if name is not entered" time="0.001"/>
  <testcase name="And I enter  test1234 into password field on amazon register page" classname="Scenario: Verify I can&apos;t create an account if name is not entered" time="0.001"/>
  <testcase name="And I enter test1234 into re-enter password field on amazon register page" classname="Scenario: Verify I can&apos;t create an account if name is not entered" time="0.001"/>
  <testcase name="And I click on Create your Amazon account button on amazon register page" classname="Scenario: Verify I can&apos;t create an account if name is not entered" time="0.001"/>
  <testcase name="Then I verify &quot;Enter your name&quot; error on amazon register page" classname="Scenario: Verify I can&apos;t create an account if name is not entered" time="0.002"/>
  <testcase name="Scenario: Verify I can&apos;t create an account if name is not entered" classname="Scenario: Verify I can&apos;t create an account if name is not entered" time="0.266"/>
  <testcase name="Given I am on Amazon home page" classname="Scenario: Verify I can&apos;t create an account if email is not entered" time="0.007"/>
  <testcase name="Given I am on Create Account page" classname="Scenario: Verify I can&apos;t create an account if email is not entered" time="0"/>
  <testcase name="When I enter  Yulia into name field on amazon register page" classname="Scenario: Verify I can&apos;t create an account if email is not entered" time="0"/>
  <testcase name="And I enter  test1234 into password field on amazon register page" classname="Scenario: Verify I can&apos;t create an account if email is not entered" time="0.001"/>
  <testcase name="And I enter test1234 into re-enter password field on amazon register page" classname="Scenario: Verify I can&apos;t create an account if email is not entered" time="0.001"/>
  <testcase name="And I click on Create your Amazon account button on amazon register page" classname="Scenario: Verify I can&apos;t create an account if email is not entered" time="0.001"/>
  <testcase name="Then I verify &quot;Enter your email&quot; error on amazon register page" classname="Scenario: Verify I can&apos;t create an account if email is not entered" time="0"/>
  <testcase name="Scenario: Verify I can&apos;t create an account if email is not entered" classname="Scenario: Verify I can&apos;t create an account if email is not entered" time="0.256"/>
  <testcase name="Given I am on Amazon home page" classname="Scenario: Verify I can&apos;t create an account if entered email is not an email" time="0.005"/>
  <testcase name="Given I am on Create Account page" classname="Scenario: Verify I can&apos;t create an account if entered email is not an email" time="0"/>
  <testcase name="When I enter  Yulia into name field on amazon register page" classname="Scenario: Verify I can&apos;t create an account if entered email is not an email" time="0.001"/>
  <testcase name="And I enter thisIsMyEmail into email field on amazon register page" classname="Scenario: Verify I can&apos;t create an account if entered email is not an email" time="0.001"/>
  <testcase name="And I enter  test1234 into password field on amazon register page" classname="Scenario: Verify I can&apos;t create an account if entered email is not an email" time="0.002"/>
  <testcase name="And I enter test1234 into re-enter password field on amazon register page" classname="Scenario: Verify I can&apos;t create an account if entered email is not an email" time="0.002"/>
  <testcase name="And I click on Create your Amazon account button on amazon register page" classname="Scenario: Verify I can&apos;t create an account if entered email is not an email" time="0"/>
  <testcase name="Then I verify &quot;Enter a valid email address&quot; error on amazon register page" classname="Scenario: Verify I can&apos;t create an account if entered email is not an email" time="0.001"/>
  <testcase name="Scenario: Verify I can&apos;t create an account if entered email is not an email" classname="Scenario: Verify I can&apos;t create an account if entered email is not an email" time="0.244"/>
  <testcase name="Given I am on Amazon home page" classname="Scenario: Verify I can&apos;t create an account if passwords don&apos;t match" time="0.003"/>
  <testcase name="Given I am on Create Account page" classname="Scenario: Verify I can&apos;t create an account if passwords don&apos;t match" time="0"/>
  <testcase name="When I enter  Yulia into name field on amazon register page" classname="Scenario: Verify I can&apos;t create an account if passwords don&apos;t match" time="0.001"/>
  <testcase name="And I enter test@technosoft.io into email field on amazon register page" classname="Scenario: Verify I can&apos;t create an account if passwords don&apos;t match" time="0"/>
  <testcase name="And I enter  test1234 into password field on amazon register page" classname="Scenario: Verify I can&apos;t create an account if passwords don&apos;t match" time="0"/>
  <testcase name="And I enter test into re-enter password field on amazon register page" classname="Scenario: Verify I can&apos;t create an account if passwords don&apos;t match" time="0.001"/>
  <testcase name="And I click on Create your Amazon account button on amazon register page" classname="Scenario: Verify I can&apos;t create an account if passwords don&apos;t match" time="0.001"/>
  <testcase name="Then I verify &quot;Passwords must match&quot; error on amazon register page" classname="Scenario: Verify I can&apos;t create an account if passwords don&apos;t match" time="0.001"/>
  <testcase name="Scenario: Verify I can&apos;t create an account if passwords don&apos;t match" classname="Scenario: Verify I can&apos;t create an account if passwords don&apos;t match" time="0.241"/>
  <testcase name="Given I am on Amazon home page" classname="Scenario: Verify I can&apos;t create an account if password is less than 6 characters" time="0.003"/>
  <testcase name="Given I am on Create Account page" classname="Scenario: Verify I can&apos;t create an account if password is less than 6 characters" time="0"/>
  <testcase name="When I enter  Yulia into name field on amazon register page" classname="Scenario: Verify I can&apos;t create an account if password is less than 6 characters" time="0"/>
  <testcase name="And I enter test@technosoft.io into email field on amazon register page" classname="Scenario: Verify I can&apos;t create an account if password is less than 6 characters" time="0"/>
  <testcase name="And I enter  12345 into password field on amazon register page" classname="Scenario: Verify I can&apos;t create an account if password is less than 6 characters" time="0"/>
  <testcase name="And I enter 12345 into re-enter password field on amazon register page" classname="Scenario: Verify I can&apos;t create an account if password is less than 6 characters" time="0"/>
  <testcase name="And I click on Create your Amazon account button on amazon register page" classname="Scenario: Verify I can&apos;t create an account if password is less than 6 characters" time="0.001"/>
  <testcase name="Then I verify &quot;Passwords must be at least 6 characters.&quot; error on amazon register page" classname="Scenario: Verify I can&apos;t create an account if password is less than 6 characters" time="0"/>
  <testcase name="Scenario: Verify I can&apos;t create an account if password is less than 6 characters" classname="Scenario: Verify I can&apos;t create an account if password is less than 6 characters" time="0.228"/>
</testsuite>